[2026-01-16T00:19:16.794Z] [INFO] ═══════════════════════════════════════════════
[2026-01-16T00:19:16.795Z] [INFO]   MAC MINI iMESSAGE DAEMON
[2026-01-16T00:19:16.795Z] [INFO] ═══════════════════════════════════════════════
[2026-01-16T00:19:16.795Z] [INFO]   Database: /Users/adforge/Library/Messages/chat.db
[2026-01-16T00:19:16.795Z] [INFO]   Webhook: https://adforge-backend-api.vercel.app/api/imessage/incoming
[2026-01-16T00:19:16.795Z] [INFO]   Health port: 5088
[2026-01-16T00:19:16.795Z] [INFO]   Exit OS hub: 100.92.203.87:5050
[2026-01-16T00:19:16.795Z] [INFO]   WebSocket: ws://100.92.203.87:5091
[2026-01-16T00:19:16.795Z] [INFO] ═══════════════════════════════════════════════
[2026-01-16T00:19:16.797Z] [INFO] Connecting to WebSocket: ws://100.92.203.87:5091
[2026-01-16T00:19:16.799Z] [INFO] Starting from ROWID: 203815
[2026-01-16T00:19:16.801Z] [INFO] Database is now accessible
[2026-01-16T00:19:16.802Z] [INFO] Health server listening on port 5088
[2026-01-16T00:19:16.804Z] [INFO] Found 100 new messages
[2026-01-16T00:19:16.804Z] [INFO]   Business: +17854183773 - ive them shit anytime they raise prices. iI7...
[2026-01-16T00:19:16.804Z] [INFO]   Business: +19133076077 - tz countertop repair? We have a few small edge chi...
[2026-01-16T00:19:16.804Z] [INFO]   Business: +19135586285 - e setup the bid for that flake epoxy basement in r...
[2026-01-16T00:19:16.804Z] [INFO]   Business: +19135586285 - finitely possible to start on the color seal frida...
[2026-01-16T00:19:16.804Z] [INFO]   Business: +19134001942 - o? What email address?iI$...
[2026-01-16T00:19:16.804Z] [INFO]   Business: +19132692103 - Today (Jan 13): No jobs scheduled.

Upcoming:
- Ja...
[2026-01-16T00:19:16.804Z] [INFO]   Business: +18164896588 - s roughly how much is it a square foot iI5...
[2026-01-16T00:19:16.804Z] [INFO]   Business: +19135586285 - king at this 40k sq ft warehouse in tonganoxie tom...
[2026-01-16T00:19:16.804Z] [INFO]   Business: +19139994462 - king at this 40k sq ft warehouse in tonganoxie tom...
[2026-01-16T00:19:16.804Z] [INFO]   Business: +18169180135 - n seal iI...
[2026-01-16T00:19:16.804Z] [INFO]   Business: +18169180135 - linkedin.com/posts/ubm-kansas-ciity_unionstationkc...
[2026-01-16T00:19:16.804Z] [INFO]   Business: +18163047465 - like a new sink, and repair of a crack in my grani...
[2026-01-16T00:19:16.804Z] [WARN] WebSocket not connected, skipping publish
[2026-01-16T00:19:16.816Z] [INFO] WebSocket connected
[2026-01-16T00:19:47.016Z] [INFO] Found 100 new messages
[2026-01-16T00:19:47.016Z] [INFO]   Business: +17854183773 - ive them shit anytime they raise prices. iI7...
[2026-01-16T00:19:47.017Z] [INFO]   Business: +19133076077 - tz countertop repair? We have a few small edge chi...
[2026-01-16T00:19:47.017Z] [INFO]   Business: +19135586285 - e setup the bid for that flake epoxy basement in r...
[2026-01-16T00:19:47.017Z] [INFO]   Business: +19135586285 - finitely possible to start on the color seal frida...
[2026-01-16T00:19:47.017Z] [INFO]   Business: +19134001942 - o? What email address?iI$...
[2026-01-16T00:19:47.017Z] [INFO]   Business: +19132692103 - Today (Jan 13): No jobs scheduled.

Upcoming:
- Ja...
[2026-01-16T00:19:47.017Z] [INFO]   Business: +18164896588 - s roughly how much is it a square foot iI5...
[2026-01-16T00:19:47.017Z] [INFO]   Business: +19135586285 - king at this 40k sq ft warehouse in tonganoxie tom...
[2026-01-16T00:19:47.017Z] [INFO]   Business: +19139994462 - king at this 40k sq ft warehouse in tonganoxie tom...
[2026-01-16T00:19:47.017Z] [INFO]   Business: +18169180135 - n seal iI...
[2026-01-16T00:19:47.018Z] [INFO]   Business: +18169180135 - linkedin.com/posts/ubm-kansas-ciity_unionstationkc...
[2026-01-16T00:19:47.018Z] [INFO]   Business: +18163047465 - like a new sink, and repair of a crack in my grani...
[2026-01-16T00:19:47.020Z] [INFO] Published 100 messages to WebSocket
[2026-01-16T00:20:17.210Z] [INFO] Found 100 new messages
[2026-01-16T00:20:17.210Z] [INFO]   Business: +17854183773 - ive them shit anytime they raise prices. iI7...
[2026-01-16T00:20:17.211Z] [INFO]   Business: +19133076077 - tz countertop repair? We have a few small edge chi...
[2026-01-16T00:20:17.211Z] [INFO]   Business: +19135586285 - e setup the bid for that flake epoxy basement in r...
[2026-01-16T00:20:17.211Z] [INFO]   Business: +19135586285 - finitely possible to start on the color seal frida...
[2026-01-16T00:20:17.211Z] [INFO]   Business: +19134001942 - o? What email address?iI$...
[2026-01-16T00:20:17.212Z] [INFO]   Business: +19132692103 - Today (Jan 13): No jobs scheduled.

Upcoming:
- Ja...
[2026-01-16T00:20:17.212Z] [INFO]   Business: +18164896588 - s roughly how much is it a square foot iI5...
[2026-01-16T00:20:17.212Z] [INFO]   Business: +19135586285 - king at this 40k sq ft warehouse in tonganoxie tom...
[2026-01-16T00:20:17.212Z] [INFO]   Business: +19139994462 - king at this 40k sq ft warehouse in tonganoxie tom...
[2026-01-16T00:20:17.212Z] [INFO]   Business: +18169180135 - n seal iI...
[2026-01-16T00:20:17.212Z] [INFO]   Business: +18169180135 - linkedin.com/posts/ubm-kansas-ciity_unionstationkc...
[2026-01-16T00:20:17.212Z] [INFO]   Business: +18163047465 - like a new sink, and repair of a crack in my grani...
[2026-01-16T00:20:17.213Z] [INFO] Published 100 messages to WebSocket
